Build started 10/30/2020 2:56:26 PM.
     1>Project "C:\Users\walied\documents\visual studio 2012\Projects\MyDumper64\MyDumper64\MyDumper64.vcxproj" on node 2 (Build target(s)).
     1>ClCompile:
         C:\Program Files (x86)\Microsoft Visual Studio 11.0\VC\bin\x86_amd64\CL.exe /c /Zi /nologo /W3 /WX- /O2 /Oi /GL /D WIN32 /D NDEBUG /D _CONSOLE /D _UNICODE /D UNICODE /Gm- /EHsc /MD /GS /Gy /fp:precise /Zc:wchar_t /Zc:forScope /Yu"stdafx.h" /Fp"x64\Release\MyDumper64.pch" /Fo"x64\Release\\" /Fd"x64\Release\vc110.pdb" /Gd /TP /errorReport:prompt MyDumper64.cpp
         MyDumper64.cpp
     1>c:\users\walied\documents\visual studio 2012\projects\mydumper64\mydumper64\Header.h(106): warning C4273: 'DebugActiveProcessStop' : inconsistent dll linkage
                 C:\Program Files (x86)\Windows Kits\8.0\Include\um\debugapi.h(144) : see previous definition of 'DebugActiveProcessStop'
     1>c:\users\walied\documents\visual studio 2012\projects\mydumper64\mydumper64\Header.h(107): warning C4273: 'DebugSetProcessKillOnExit' : inconsistent dll linkage
                 C:\Program Files (x86)\Windows Kits\8.0\Include\um\winbase.h(3202) : see previous definition of 'DebugSetProcessKillOnExit'
     1>MyDumper64.cpp(52): warning C4267: 'initializing' : conversion from 'size_t' to 'unsigned long', possible loss of data
     1>MyDumper64.cpp(104): warning C4551: function call missing argument list
     1>MyDumper64.cpp(109): warning C4551: function call missing argument list
     1>MyDumper64.cpp(123): warning C4244: '+=' : conversion from 'unsigned __int64' to 'unsigned long', possible loss of data
     1>MyDumper64.cpp(130): warning C4244: '=' : conversion from 'SIZE_T' to 'unsigned long', possible loss of data
     1>MyDumper64.cpp(148): warning C4244: '+=' : conversion from 'unsigned __int64' to 'unsigned long', possible loss of data
     1>MyDumper64.cpp(167): warning C4244: 'initializing' : conversion from 'unsigned __int64' to 'unsigned long', possible loss of data
     1>MyDumper64.cpp(171): warning C4244: 'initializing' : conversion from 'SIZE_T' to 'unsigned long', possible loss of data
     1>MyDumper64.cpp(175): warning C4244: '+=' : conversion from 'unsigned __int64' to 'unsigned long', possible loss of data
     1>MyDumper64.cpp(210): warning C4244: 'return' : conversion from 'unsigned __int64' to 'unsigned long', possible loss of data
     1>MyDumper64.cpp(426): warning C4996: 'wcscat': This function or variable may be unsafe. Consider using wcscat_s instead. To disable deprecation, use _CRT_SECURE_NO_WARNINGS. See online help for details.
                 C:\Program Files (x86)\Microsoft Visual Studio 11.0\VC\include\wchar.h(1018) : see declaration of 'wcscat'
     1>MyDumper64.cpp(509): warning C4244: 'argument' : conversion from 'unsigned __int64' to 'DWORD', possible loss of data
       Link:
         C:\Program Files (x86)\Microsoft Visual Studio 11.0\VC\bin\x86_amd64\link.exe /ERRORREPORT:PROMPT /OUT:"C:\Users\walied\documents\visual studio 2012\Projects\MyDumper64\x64\Release\MyDumper64.exe" /INCREMENTAL:NO /NOLOGO ntdll.lib kernel32.lib user32.lib gdi32.lib winspool.lib comdlg32.lib advapi32.lib shell32.lib ole32.lib oleaut32.lib uuid.lib odbc32.lib odbccp32.lib /MANIFEST /MANIFESTUAC:"level='asInvoker' uiAccess='false'" /manifest:embed /DEBUG /PDB:"C:\Users\walied\documents\visual studio 2012\Projects\MyDumper64\x64\Release\MyDumper64.pdb" /SUBSYSTEM:CONSOLE /OPT:REF /OPT:ICF /LTCG /TLBID:1 /DYNAMICBASE /NXCOMPAT /IMPLIB:"C:\Users\walied\documents\visual studio 2012\Projects\MyDumper64\x64\Release\MyDumper64.lib" /MACHINE:X64 x64\Release\MyDumper64.obj
         x64\Release\stdafx.obj
         Generating code
         Finished generating code
         MyDumper64.vcxproj -> C:\Users\walied\documents\visual studio 2012\Projects\MyDumper64\x64\Release\MyDumper64.exe
     1>Done Building Project "C:\Users\walied\documents\visual studio 2012\Projects\MyDumper64\MyDumper64\MyDumper64.vcxproj" (Build target(s)).

Build succeeded.

Time Elapsed 00:00:00.77
