C:\USERS\WALIED\DOCUMENTS\VISUAL STUDIO 2012\PROJECTS\MYDUMPER64\MYDUMPER64\X64\RELEASE\MYDUMPER64.PCH
C:\USERS\WALIED\DOCUMENTS\VISUAL STUDIO 2012\PROJECTS\MYDUMPER64\MYDUMPER64\X64\RELEASE\STDAFX.OBJ
C:\USERS\WALIED\DOCUMENTS\VISUAL STUDIO 2012\PROJECTS\MYDUMPER64\MYDUMPER64\X64\RELEASE\VC110.PDB
C:\USERS\WALIED\DOCUMENTS\VISUAL STUDIO 2012\PROJECTS\MYDUMPER64\MYDUMPER64\X64\RELEASE\MYDUMPER64.OBJ
C:\USERS\WALIED\DOCUMENTS\VISUAL STUDIO 2012\PROJECTS\MYDUMPER64\X64\RELEASE\MYDUMPER64.EXE
C:\USERS\WALIED\DOCUMENTS\VISUAL STUDIO 2012\PROJECTS\MYDUMPER64\X64\RELEASE\MYDUMPER64.PDB
C:\Users\walied\documents\visual studio 2012\Projects\MyDumper64\MyDumper64\x64\Release\MyDumper64.obj
C:\Users\walied\documents\visual studio 2012\Projects\MyDumper64\MyDumper64\x64\Release\stdafx.obj
C:\Users\walied\documents\visual studio 2012\Projects\MyDumper64\MyDumper64\x64\Release\cl.command.1.tlog
C:\Users\walied\documents\visual studio 2012\Projects\MyDumper64\MyDumper64\x64\Release\CL.read.1.tlog
C:\Users\walied\documents\visual studio 2012\Projects\MyDumper64\MyDumper64\x64\Release\CL.write.1.tlog
C:\Users\walied\documents\visual studio 2012\Projects\MyDumper64\MyDumper64\x64\Release\link-cvtres.read.1.tlog
C:\Users\walied\documents\visual studio 2012\Projects\MyDumper64\MyDumper64\x64\Release\link-cvtres.write.1.tlog
C:\Users\walied\documents\visual studio 2012\Projects\MyDumper64\MyDumper64\x64\Release\link-rc.read.1.tlog
C:\Users\walied\documents\visual studio 2012\Projects\MyDumper64\MyDumper64\x64\Release\link-rc.write.1.tlog
C:\Users\walied\documents\visual studio 2012\Projects\MyDumper64\MyDumper64\x64\Release\link.command.1.tlog
C:\Users\walied\documents\visual studio 2012\Projects\MyDumper64\MyDumper64\x64\Release\link.read.1.tlog
C:\Users\walied\documents\visual studio 2012\Projects\MyDumper64\MyDumper64\x64\Release\link.write.1.tlog
C:\Users\walied\documents\visual studio 2012\Projects\MyDumper64\MyDumper64\x64\Release\MyDumper64.pch
C:\Users\walied\documents\visual studio 2012\Projects\MyDumper64\MyDumper64\x64\Release\vc110.pdb
C:\Users\walied\documents\visual studio 2012\Projects\MyDumper64\x64\Release\MyDumper64.pdb
C:\Users\walied\documents\visual studio 2012\Projects\MyDumper64\x64\Release\MyDumper64.exe
